0 info it worked if it ends with ok
1 verbose cli [ 'C:\\Program Files\\nodejs\\\\node.exe',
1 verbose cli   'C:\\Program Files\\nodejs\\node_modules\\npm\\bin\\npm-cli.js',
1 verbose cli   'start' ]
2 info using npm@1.4.28
3 info using node@v0.10.35
4 verbose node symlink C:\Program Files\nodejs\\node.exe
5 verbose run-script [ 'prestart', 'start', 'poststart' ]
6 info prestart jspdf@1.1.135
7 info start jspdf@1.1.135
8 verbose unsafe-perm in lifecycle true
9 info jspdf@1.1.135 Failed to exec start script
10 error jspdf@1.1.135 start: `ws`
10 error Exit status 1
11 error Failed at the jspdf@1.1.135 start script.
11 error This is most likely a problem with the jspdf package,
11 error not with npm itself.
11 error Tell the author that this fails on your system:
11 error     ws
11 error You can get their info via:
11 error     npm owner ls jspdf
11 error There is likely additional logging output above.
12 error System Windows_NT 6.1.7601
13 error command "C:\\Program Files\\nodejs\\\\node.exe" "C:\\Program Files\\nodejs\\node_modules\\npm\\bin\\npm-cli.js" "start"
14 error cwd C:\Users\patrick.dunleavy\Documents\GitHub\PromoBuilder\PromoBuilder\jsPDF-1.2.60
15 error node -v v0.10.35
16 error npm -v 1.4.28
17 error code ELIFECYCLE
18 verbose exit [ 1, true ]
